Build started 22.05.2014 07:19:35.
     1>Project "C:\Users\Burak\documents\visual studio 2010\Projects\ZipzipKus01\ZipzipKus01\ZipzipKus01.vcxproj" on node 2 (rebuild target(s)).
     1>_PrepareForClean:
         Deleting file "Debug\ZipzipKus01.lastbuildstate".
       InitializeBuildStatus:
         Creating "Debug\ZipzipKus01.unsuccessfulbuild" because "AlwaysCreate" was specified.
       ClCompile:
         C:\Program Files (x86)\Microsoft Visual Studio 10.0\VC\bin\CL.exe /c /ZI /nologo /W3 /WX- /Od /Oy- /D _MBCS /Gm /EHsc /RTC1 /MD /GS /fp:precise /Zc:wchar_t /Zc:forScope /Fo"Debug\\" /Fd"Debug\vc100.pdb" /Gd /TP /analyze- /errorReport:prompt Resources\main.cpp Resources\timer.cpp
         timer.cpp
         main.cpp
         Generating Code...
       Link:
         C:\Program Files (x86)\Microsoft Visual Studio 10.0\VC\bin\link.exe /ERRORREPORT:PROMPT /OUT:"C:\Users\Burak\documents\visual studio 2010\Projects\ZipzipKus01\Debug\ZipzipKus01.exe" /NOLOGO SDL.lib SDLmain.lib SDL_image.lib SDL_mixer.lib SDL_ttf.lib kernel32.lib user32.lib gdi32.lib winspool.lib comdlg32.lib advapi32.lib shell32.lib ole32.lib oleaut32.lib uuid.lib odbc32.lib odbccp32.lib /MANIFEST /ManifestFile:"Debug\ZipzipKus01.exe.intermediate.manifest" /MANIFESTUAC:"level='asInvoker' uiAccess='false'" /DEBUG /PDB:"C:\Users\Burak\documents\visual studio 2010\Projects\ZipzipKus01\Debug\ZipzipKus01.pdb" /SUBSYSTEM:WINDOWS /TLBID:1 /DYNAMICBASE /NXCOMPAT /IMPLIB:"C:\Users\Burak\documents\visual studio 2010\Projects\ZipzipKus01\Debug\ZipzipKus01.lib" /MACHINE:X86 Debug\main.obj
         Debug\timer.obj
         ZipzipKus01.vcxproj -> C:\Users\Burak\documents\visual studio 2010\Projects\ZipzipKus01\Debug\ZipzipKus01.exe
       Manifest:
         C:\Program Files (x86)\Microsoft SDKs\Windows\v7.0A\bin\mt.exe /nologo /verbose /outputresource:"C:\Users\Burak\documents\visual studio 2010\Projects\ZipzipKus01\Debug\ZipzipKus01.exe;#1" /manifest Debug\ZipzipKus01.exe.intermediate.manifest
       FinalizeBuildStatus:
         Deleting file "Debug\ZipzipKus01.unsuccessfulbuild".
         Touching "Debug\ZipzipKus01.lastbuildstate".
     1>Done Building Project "C:\Users\Burak\documents\visual studio 2010\Projects\ZipzipKus01\ZipzipKus01\ZipzipKus01.vcxproj" (rebuild target(s)).

Build succeeded.

Time Elapsed 00:00:01.69
