C:\USERS\BURAK\DOCUMENTS\VISUAL STUDIO 2010\PROJECTS\ZIPZIPKUS01\DEBUG\ZIPZIPKUS01.EXE
C:\USERS\BURAK\DOCUMENTS\VISUAL STUDIO 2010\PROJECTS\ZIPZIPKUS01\DEBUG\ZIPZIPKUS01.ILK
C:\USERS\BURAK\DOCUMENTS\VISUAL STUDIO 2010\PROJECTS\ZIPZIPKUS01\DEBUG\ZIPZIPKUS01.PDB
C:\USERS\BURAK\DOCUMENTS\VISUAL STUDIO 2010\PROJECTS\ZIPZIPKUS01\ZIPZIPKUS01\DEBUG\MAIN.OBJ
C:\USERS\BURAK\DOCUMENTS\VISUAL STUDIO 2010\PROJECTS\ZIPZIPKUS01\ZIPZIPKUS01\DEBUG\TIMER.OBJ
C:\USERS\BURAK\DOCUMENTS\VISUAL STUDIO 2010\PROJECTS\ZIPZIPKUS01\ZIPZIPKUS01\DEBUG\VC100.PDB
C:\USERS\BURAK\DOCUMENTS\VISUAL STUDIO 2010\PROJECTS\ZIPZIPKUS01\ZIPZIPKUS01\DEBUG\ZIPZIPKUS01.EXE.INTERMEDIATE.MANIFEST
C:\Users\Burak\documents\visual studio 2010\Projects\ZipzipKus01\Debug\ZipzipKus01.exe
C:\Users\Burak\documents\visual studio 2010\Projects\ZipzipKus01\Debug\ZipzipKus01.ilk
C:\Users\Burak\documents\visual studio 2010\Projects\ZipzipKus01\Debug\ZipzipKus01.pdb
C:\Users\Burak\documents\visual studio 2010\Projects\ZipzipKus01\ZipzipKus01\Debug\cl.command.1.tlog
C:\Users\Burak\documents\visual studio 2010\Projects\ZipzipKus01\ZipzipKus01\Debug\CL.read.1.tlog
C:\Users\Burak\documents\visual studio 2010\Projects\ZipzipKus01\ZipzipKus01\Debug\CL.write.1.tlog
C:\Users\Burak\documents\visual studio 2010\Projects\ZipzipKus01\ZipzipKus01\Debug\link.command.1.tlog
C:\Users\Burak\documents\visual studio 2010\Projects\ZipzipKus01\ZipzipKus01\Debug\link.read.1.tlog
C:\Users\Burak\documents\visual studio 2010\Projects\ZipzipKus01\ZipzipKus01\Debug\link.write.1.tlog
C:\Users\Burak\documents\visual studio 2010\Projects\ZipzipKus01\ZipzipKus01\Debug\main.obj
C:\Users\Burak\documents\visual studio 2010\Projects\ZipzipKus01\ZipzipKus01\Debug\mt.command.1.tlog
C:\Users\Burak\documents\visual studio 2010\Projects\ZipzipKus01\ZipzipKus01\Debug\mt.read.1.tlog
C:\Users\Burak\documents\visual studio 2010\Projects\ZipzipKus01\ZipzipKus01\Debug\mt.write.1.tlog
C:\Users\Burak\documents\visual studio 2010\Projects\ZipzipKus01\ZipzipKus01\Debug\timer.obj
C:\Users\Burak\documents\visual studio 2010\Projects\ZipzipKus01\ZipzipKus01\Debug\vc100.idb
C:\Users\Burak\documents\visual studio 2010\Projects\ZipzipKus01\ZipzipKus01\Debug\vc100.pdb
C:\Users\Burak\documents\visual studio 2010\Projects\ZipzipKus01\ZipzipKus01\Debug\ZipzipKus01.exe.intermediate.manifest
C:\Users\Burak\documents\visual studio 2010\Projects\ZipzipKus01\ZipzipKus01\Debug\ZipzipKus01.write.1.tlog
